<?xml version="1.0" encoding="UTF-8"?>
<!-- Generated by org.testng.reporters.JUnitReportReporter -->
<testsuite hostname="NTPC01507" name="testcases.Education_information" tests="5" failures="0" timestamp="27 Nov 2018 06:15:29 GMT" time="29.349" errors="0">
  <testcase name="Pimtab1" time="1.177" classname="testcases.Education_information"/>
  <testcase name="SearchEmp" time="12.790" classname="testcases.Education_information"/>
  <testcase name="login" time="4.793" classname="testcases.Education_information"/>
  <testcase name="AddQualification" time="8.662" classname="testcases.Education_information"/>
  <testcase name="EditQualification" time="1.927" classname="testcases.Education_information"/>
</testsuite> <!-- testcases.Education_information -->
