<?xml version="1.0" encoding="UTF-8"?>
<!-- Generated by org.testng.reporters.JUnitReportReporter -->
<testsuite hostname="NTPC01507" name="testcases.Leaveapplication" tests="3" failures="0" timestamp="26 Nov 2018 04:26:36 GMT" time="11.618" errors="0">
  <testcase name="Leaveassign" time="7.180" classname="testcases.Leaveapplication"/>
  <testcase name="leavereport" time="2.405" classname="testcases.Leaveapplication"/>
  <testcase name="login" time="2.033" classname="testcases.Leaveapplication"/>
</testsuite> <!-- testcases.Leaveapplication -->
