<?xml version="1.0" encoding="UTF-8"?>
<!-- Generated by org.testng.reporters.JUnitReportReporter -->
<testsuite hostname="NTPC01507" name="testcases.Education_information" tests="5" failures="0" timestamp="27 Nov 2018 07:06:57 GMT" time="27.491" errors="0">
  <testcase name="Pimtab1" time="1.246" classname="testcases.Education_information"/>
  <testcase name="login" time="4.514" classname="testcases.Education_information"/>
  <testcase name="SearchEmp" time="12.570" classname="testcases.Education_information"/>
  <testcase name="EditQualification" time="1.863" classname="testcases.Education_information"/>
  <testcase name="AddQualification" time="7.298" classname="testcases.Education_information"/>
</testsuite> <!-- testcases.Education_information -->
