<?xml version="1.0" encoding="UTF-8"?>
<!-- Generated by org.testng.reporters.JUnitReportReporter -->
<testsuite hostname="NTPC01507" name="testcases.Addemployee" tests="3" failures="0" timestamp="27 Nov 2018 07:06:57 GMT" time="22.099" errors="0">
  <testcase name="AddAdminQualification" time="11.976" classname="testcases.Addemployee"/>
  <testcase name="login" time="5.919" classname="testcases.Addemployee"/>
  <testcase name="AddEmp" time="4.204" classname="testcases.Addemployee"/>
</testsuite> <!-- testcases.Addemployee -->
