<?xml version="1.0" encoding="UTF-8"?>
<!-- Generated by org.testng.reporters.JUnitReportReporter -->
<testsuite hostname="NTPC01507" name="testcases.Addemployee" tests="3" failures="0" timestamp="27 Nov 2018 06:15:29 GMT" time="18.479" errors="0">
  <testcase name="AddEmp" time="3.205" classname="testcases.Addemployee"/>
  <testcase name="login" time="4.412" classname="testcases.Addemployee"/>
  <testcase name="AddAdminQualification" time="10.862" classname="testcases.Addemployee"/>
</testsuite> <!-- testcases.Addemployee -->
